<?xml version="1.0" encoding="UTF-8"?>
<testng-results skipped="0" failed="0" ignored="0" total="4" passed="4">
  <reporter-output>
  </reporter-output>
  <suite name="Suite" duration-ms="34493" started-at="2021-10-20T03:42:24Z" finished-at="2021-10-20T03:42:58Z">
    <groups>
    </groups>
    <test name="Test" duration-ms="34493" started-at="2021-10-20T03:42:24Z" finished-at="2021-10-20T03:42:58Z">
      <class name="testcases.HomePageTest">
        <test-method status="PASS" signature="setUp()[pri:0, instance:testcases.HomePageTest@56ac3a89]" name="setUp" is-config="true" duration-ms="6419" started-at="2021-10-19T23:42:24Z" finished-at="2021-10-19T23:42:30Z">
          <reporter-output>
          </reporter-output>
        </test-method> <!-- setUp -->
        <test-method status="PASS" signature="verifyHomePageTitleTest()[pri:0, instance:testcases.HomePageTest@56ac3a89]" name="verifyHomePageTitleTest" duration-ms="16" started-at="2021-10-19T23:42:30Z" finished-at="2021-10-19T23:42:30Z">
          <reporter-output>
          </reporter-output>
        </test-method> <!-- verifyHomePageTitleTest -->
        <test-method status="PASS" signature="tearDown()[pri:0, instance:testcases.HomePageTest@56ac3a89]" name="tearDown" is-config="true" duration-ms="658" started-at="2021-10-19T23:42:30Z" finished-at="2021-10-19T23:42:31Z">
          <reporter-output>
          </reporter-output>
        </test-method> <!-- tearDown -->
        <test-method status="PASS" signature="setUp()[pri:0, instance:testcases.HomePageTest@56ac3a89]" name="setUp" is-config="true" duration-ms="5008" started-at="2021-10-19T23:42:31Z" finished-at="2021-10-19T23:42:36Z">
          <reporter-output>
          </reporter-output>
        </test-method> <!-- setUp -->
        <test-method status="PASS" signature="verifyLoginButtonClickTest()[pri:0, instance:testcases.HomePageTest@56ac3a89]" name="verifyLoginButtonClickTest" duration-ms="1247" started-at="2021-10-19T23:42:36Z" finished-at="2021-10-19T23:42:37Z">
          <reporter-output>
          </reporter-output>
        </test-method> <!-- verifyLoginButtonClickTest -->
        <test-method status="PASS" signature="tearDown()[pri:0, instance:testcases.HomePageTest@56ac3a89]" name="tearDown" is-config="true" duration-ms="670" started-at="2021-10-19T23:42:37Z" finished-at="2021-10-19T23:42:38Z">
          <reporter-output>
          </reporter-output>
        </test-method> <!-- tearDown -->
      </class> <!-- testcases.HomePageTest -->
      <class name="testcases.LoginPageTest">
        <test-method status="PASS" signature="setUp()[pri:0, instance:testcases.LoginPageTest@490ab905]" name="setUp" is-config="true" duration-ms="4660" started-at="2021-10-19T23:42:38Z" finished-at="2021-10-19T23:42:43Z">
          <reporter-output>
          </reporter-output>
        </test-method> <!-- setUp -->
        <test-method status="PASS" signature="loginPageTitleTest()[pri:1, instance:testcases.LoginPageTest@490ab905]" name="loginPageTitleTest" duration-ms="6" started-at="2021-10-19T23:42:43Z" finished-at="2021-10-19T23:42:43Z">
          <reporter-output>
          </reporter-output>
        </test-method> <!-- loginPageTitleTest -->
        <test-method status="PASS" signature="tearDown()[pri:0, instance:testcases.LoginPageTest@490ab905]" name="tearDown" is-config="true" duration-ms="639" started-at="2021-10-19T23:42:43Z" finished-at="2021-10-19T23:42:43Z">
          <reporter-output>
          </reporter-output>
        </test-method> <!-- tearDown -->
        <test-method status="PASS" signature="setUp()[pri:0, instance:testcases.LoginPageTest@490ab905]" name="setUp" is-config="true" duration-ms="4869" started-at="2021-10-19T23:42:43Z" finished-at="2021-10-19T23:42:48Z">
          <reporter-output>
          </reporter-output>
        </test-method> <!-- setUp -->
        <test-method status="PASS" signature="verifyloginButtonTest()[pri:2, instance:testcases.LoginPageTest@490ab905]" name="verifyloginButtonTest" duration-ms="9566" started-at="2021-10-19T23:42:48Z" finished-at="2021-10-19T23:42:58Z">
          <reporter-output>
          </reporter-output>
        </test-method> <!-- verifyloginButtonTest -->
        <test-method status="PASS" signature="tearDown()[pri:0, instance:testcases.LoginPageTest@490ab905]" name="tearDown" is-config="true" duration-ms="701" started-at="2021-10-19T23:42:58Z" finished-at="2021-10-19T23:42:58Z">
          <reporter-output>
          </reporter-output>
        </test-method> <!-- tearDown -->
      </class> <!-- testcases.LoginPageTest -->
    </test> <!-- Test -->
  </suite> <!-- Suite -->
</testng-results>
