<?xml version="1.0" encoding="UTF-8"?>
<!-- Generated by org.testng.reporters.JUnitXMLReporter -->
<testsuite hostname="LAPTOP-4CFEINIF" ignored="0" name="Test" tests="4" failures="0" timestamp="20 Oct 2021 03:42:58 GMT" time="34.493" errors="0">
  <testcase name="verifyHomePageTitleTest" time="0.016" classname="testcases.HomePageTest"/>
  <testcase name="verifyLoginButtonClickTest" time="1.247" classname="testcases.HomePageTest"/>
  <testcase name="loginPageTitleTest" time="0.006" classname="testcases.LoginPageTest"/>
  <testcase name="verifyloginButtonTest" time="9.566" classname="testcases.LoginPageTest"/>
</testsuite> <!-- Test -->
